{
  "0 debug pnpm:scope": {
    "selected": 1,
    "workspacePrefix": "/Users/haixin/tojson.js"
  },
  "1 error pnpm": {
    "code": "ELIFECYCLE",
    "errno": "ENOENT",
    "syscall": "spawn",
    "file": "sh",
    "pkgid": "tojson.js@1.0.0",
    "stage": "prepare",
    "script": "husky install",
    "pkgname": "tojson.js",
    "err": {
      "name": "pnpm",
      "message": "tojson.js@1.0.0 prepare: `husky install`\nspawn ENOENT",
      "code": "ELIFECYCLE",
      "stack": "pnpm: tojson.js@1.0.0 prepare: `husky install`\nspawn ENOENT\n    at ChildProcess.<anonymous> (/Users/haixin/.npm-global/lib/node_modules/pnpm/dist/pnpm.cjs:93917:22)\n    at ChildProcess.emit (node:events:527:28)\n    at maybeClose (node:internal/child_process:1092:16)\n    at Process.ChildProcess._handle.onexit (node:internal/child_process:302:5)"
    }
  },
  "2 warn pnpm:global": " Local package.json exists, but node_modules missing, did you mean to install?"
}